<?xml version="1.0" encoding="UTF-8"?>
<!-- Generated by org.testng.reporters.JUnitReportReporter -->
<testsuite hostname="Sanket-hp-pavilion" failures="0" tests="3" name="testCases.LoginPage_Test" time="19.560" errors="0" timestamp="2024-06-27T18:23:11 IST" skipped="0">
  <testcase classname="testCases.LoginPage_Test" name="loginToApplicationTest" time="3.961"/>
  <system-out/>
  <testcase classname="testCases.LoginPage_Test" name="verifyTitleofApplicationTest" time="2.908"/>
  <system-out/>
  <testcase classname="testCases.LoginPage_Test" name="verifyURLofApplicationTest" time="12.691"/>
  <system-out>
    <![CDATA[URL of Swad lab is = https://www.saucedemo.com/]]>
  </system-out>
</testsuite> <!-- testCases.LoginPage_Test -->
